<html xmlns:math="http://exslt.org/math" xmlns:testng="http://testng.org">
   <head>
      <title>TestNG Results</title>
      <meta http-equiv="content-type" content="text/html; charset=utf-8"></meta>
      <meta http-equiv="pragma" content="no-cache"></meta>
      <meta http-equiv="cache-control" content="max-age=0"></meta>
      <meta http-equiv="cache-control" content="no-cache"></meta>
      <meta http-equiv="cache-control" content="no-store"></meta>
      <LINK rel="stylesheet" href="style.css"></LINK>
      <script type="text/javascript" src="main.js"></script>
   </head>
   <body>
      <table width="100%" style="font-size: 16px; margin-bottom: 10px;" cellspacing="1">
         <tr>
            <td width="100%">
               All methods in suite
               
               <b>OrangeHRMTestsuite</b>
            </td>
            <td style="background-color: #FFBBBB; padding: 3px 3px 3px 0;" align="center">
               <div style="width: 50px;">1</div>
            </td>
            <td style="background-color: lightgreen; padding: 3px 3px 3px 0;" align="center">
               <div style="width: 50px;">3</div>
            </td>
            <td style="background-color: #FFFFBB; padding: 3px 3px 3px 0;" align="center">
               <div style="width: 50px;">0</div>
            </td>
            <td align="center" style="background-color: #eaf0f7; padding: 3px 3px 3px 0;">
               <div style="width: 50px;">4</div>
            </td>
            <td align="center"
                style="font-weight: bold; background-color: #eaf0f7; padding: 3px 3px 3px 0;">
               <div style="width: 50px;">75%</div>
            </td>
            <td style="background-color: #eaf0f7; padding: 3px 3px 3px 0;" align="center"
                nowrap="true">43s
               
            </td>
         </tr>
      </table>
      <div style="width: 200px;">
         <label for="groupMethodsCheckBox" style="font-weight: bold; margin: 0;">
            <input id="groupMethodsCheckBox" type="checkbox" onclick="switchTestMethodsView(this)"></input>
            Group by class
            
         </label>
         <br></br>
         <label for="methodsFilter_ALL" style="font-weight: bold; margin: 0;">
            <input id="methodsFilter_ALL" type="checkbox"
                   onclick="testMethodsFilterChanged(this, 'ALL')"></input>
            All
            
         </label>
      </div>
      <label for="methodsFilter_FAIL" style="margin-left: 20px;">
         <input id="methodsFilter_FAIL" type="checkbox"
                onclick="testMethodsFilterChanged(this, 'FAIL')"
                checked=""></input>
         Failed
         
      </label>
      <label for="methodsFilter_PASS">
         <input id="methodsFilter_PASS" type="checkbox"
                onclick="testMethodsFilterChanged(this, 'PASS')"
                checked=""></input>
         Passed
         
      </label>
      <label for="methodsFilter_SKIP">
         <input id="methodsFilter_SKIP" type="checkbox"
                onclick="testMethodsFilterChanged(this, 'SKIP')"
                checked=""></input>
         Skipped
         
      </label>
      <label for="methodsFilter_CONF">
         <input id="methodsFilter_CONF" type="checkbox"
                onclick="testMethodsFilterChanged(this, 'CONF')"></input>
         Config
         
      </label>
      <br></br>
      <div id="testMethodsByStatus">
         <table class="testMethodsTable" cellpadding="0" cellspacing="0">
            <tr class="methodsTableHeader">
               <td width="100%">Name</td>
               <td nowrap="true">Started</td>
               <td nowrap="true">Duration</td>
               <td>Exception</td>
            </tr>
            <tr id="day20.Failure_failureTest_byStatus_failed_FAIL1_row"
                class="testMethodStatusFAIL">
               <td width="100%" class="firstMethodCell">
                  <a onclick="toggleDetailsVisibility('day20.Failure_failureTest_byStatus_failed_FAIL1_details')">failureTest()</a>
               </td>
               <td nowrap="true">20:22:23</td>
               <td nowrap="true" align="right">64 ms
                  
               </td>
               <td nowrap="true">
                  <a onclick="toggleDetailsVisibility('day20.Failure_failureTest_byStatus_failed_FAIL1_exception')">org.openqa.selenium.NoSuchElementException: 
                     Unable to locate element: {"method":"id","selector":"abc"}
                     Command duration or timeout: 46 milliseconds
                     For documentation on this error, please visit: http://seleniumhq.org/exceptions/no_such_element.html
                     Build info: version: '2.47.1', revision: '411b314', time: '2015-07-30 03:03:16'
                     System info: host: 'sys', ip: '192.168.3.19', os.name: 'Windows 7', os.arch: 'amd64', os.version: '6.1', java.version: '1.7.0_55'
                     *** Element info: {Using=id, value=abc}
                     Session ID: 179d415d-2512-473b-acbd-374ae83b6515
                     Driver info: org.openqa.selenium.firefox.FirefoxDriver
                     Capabilities [{platform=WINDOWS, acceptSslCerts=true, javascriptEnabled=true, cssSelectorsEnabled=true, databaseEnabled=true,
                     browserName=firefox, handlesAlerts=true, nativeEvents=false, webStorageEnabled=true, rotatable=false, locationContextEnabled=true,
                     applicationCacheEnabled=true, takesScreenshot=true, version=41.0.2}]
                     
                  </a>
                   
                  
               </td>
            </tr>
            <tr>
               <td colspan="4" class="detailsBox">
                  <div id="day20.Failure_failureTest_byStatus_failed_FAIL1_details"
                       class="testMethodDetails">
                     <div>
                        <b>Name: </b>failureTest
                     </div>
                     <div>
                        <b>Signature: </b>failureTest()[pri:0, instance:day20.Failure@37ef118a]
                     </div>
                     <div>
                        <b>Start time: </b>20:22:23
                     </div>
                     <div>
                        <b>End time: </b>20:22:23
                     </div>
                     <div>
                        <b>Duration: </b>64 ms
                        
                     </div>
                  </div>
               </td>
            </tr>
            <tr>
               <td colspan="4" class="detailsBox">
                  <div id="day20.Failure_failureTest_byStatus_failed_FAIL1_exception"
                       class="testMethodDetails">
                     <pre style="padding: 5px; margin: 0;">org.openqa.selenium.NoSuchElementException: Unable to locate element: {"method":"id","selector":"abc"}
                        Command duration or timeout: 46 milliseconds
                        For documentation on this error, please visit: http://seleniumhq.org/exceptions/no_such_element.html
                        Build info: version: '2.47.1', revision: '411b314', time: '2015-07-30 03:03:16'
                        System info: host: 'sys', ip: '192.168.3.19', os.name: 'Windows 7', os.arch: 'amd64', os.version: '6.1', java.version: '1.7.0_55'
                        *** Element info: {Using=id, value=abc}
                        Session ID: 179d415d-2512-473b-acbd-374ae83b6515
                        Driver info: org.openqa.selenium.firefox.FirefoxDriver
                        Capabilities [{platform=WINDOWS, acceptSslCerts=true, javascriptEnabled=true, cssSelectorsEnabled=true, databaseEnabled=true,
                        browserName=firefox, handlesAlerts=true, nativeEvents=false, webStorageEnabled=true, rotatable=false, locationContextEnabled=true,
                        applicationCacheEnabled=true, takesScreenshot=true, version=41.0.2}]
                        	at sun.reflect.NativeConstructorAccessorImpl.newInstance0(Native Method)
                        	at sun.reflect.NativeConstructorAccessorImpl.newInstance(Unknown Source)
                        	at sun.reflect.DelegatingConstructorAccessorImpl.newInstance(Unknown Source)
                        	at java.lang.reflect.Constructor.newInstance(Unknown Source)
                        	at org.openqa.selenium.remote.ErrorHandler.createThrowable(ErrorHandler.java:206)
                        	at org.openqa.selenium.remote.ErrorHandler.throwIfResponseFailed(ErrorHandler.java:158)
                        	at org.openqa.selenium.remote.RemoteWebDriver.execute(RemoteWebDriver.java:595)
                        	at org.openqa.selenium.remote.RemoteWebDriver.findElement(RemoteWebDriver.java:348)
                        	at org.openqa.selenium.remote.RemoteWebDriver.findElementById(RemoteWebDriver.java:389)
                        	at org.openqa.selenium.By$ById.findElement(By.java:215)
                        	at org.openqa.selenium.remote.RemoteWebDriver.findElement(RemoteWebDriver.java:340)
                        	at day20.Failure.failureTest(Failure.java:10)
                        	at sun.reflect.NativeMethodAccessorImpl.invoke0(Native Method)
                        	at sun.reflect.NativeMethodAccessorImpl.invoke(Unknown Source)
                        	at sun.reflect.DelegatingMethodAccessorImpl.invoke(Unknown Source)
                        	at java.lang.reflect.Method.invoke(Unknown Source)
                        	at org.testng.internal.MethodInvocationHelper.invokeMethod(MethodInvocationHelper.java:84)
                        	at org.testng.internal.Invoker.invokeMethod(Invoker.java:714)
                        	at org.testng.internal.Invoker.invokeTestMethod(Invoker.java:901)
                        	at org.testng.internal.Invoker.invokeTestMethods(Invoker.java:1231)
                        	at org.testng.internal.TestMethodWorker.invokeTestMethods(TestMethodWorker.java:127)
                        	at org.testng.internal.TestMethodWorker.run(TestMethodWorker.java:111)
                        	at org.testng.TestRunner.privateRun(TestRunner.java:767)
                        	at org.testng.TestRunner.run(TestRunner.java:617)
                        	at org.testng.SuiteRunner.runTest(SuiteRunner.java:334)
                        	at org.testng.SuiteRunner.runSequentially(SuiteRunner.java:329)
                        	at org.testng.SuiteRunner.privateRun(SuiteRunner.java:291)
                        	at org.testng.SuiteRunner.run(SuiteRunner.java:240)
                        	at org.testng.SuiteRunnerWorker.runSuite(SuiteRunnerWorker.java:52)
                        	at org.testng.SuiteRunnerWorker.run(SuiteRunnerWorker.java:86)
                        	at org.testng.TestNG.runSuitesSequentially(TestNG.java:1224)
                        	at org.testng.TestNG.runSuitesLocally(TestNG.java:1149)
                        	at org.testng.TestNG.run(TestNG.java:1057)
                        	at org.testng.remote.RemoteTestNG.run(RemoteTestNG.java:111)
                        	at org.testng.remote.RemoteTestNG.initAndRun(RemoteTestNG.java:204)
                        	at org.testng.remote.RemoteTestNG.main(RemoteTestNG.java:175)
                        Caused by: org.openqa.selenium.NoSuchElementException: Unable to locate element: {"method":"id","selector":"abc"}
                        For documentation on this error, please visit: http://seleniumhq.org/exceptions/no_such_element.html
                        Build info: version: '2.47.1', revision: '411b314', time: '2015-07-30 03:03:16'
                        System info: host: 'sys', ip: '192.168.3.19', os.name: 'Windows 7', os.arch: 'amd64', os.version: '6.1', java.version: '1.7.0_55'
                        Driver info: driver.version: unknown
                        	at &lt;anonymous class&gt;.FirefoxDriver.prototype.findElementInternal_(file:///C:/Users/sai/AppData/Local/Temp/anonymous1893338368169808336webdriver-profile/extensions/fxdriver@googlecode.com/components/driver-component.js:10667)
                        	at &lt;anonymous class&gt;.FirefoxDriver.prototype.findElement(file:///C:/Users/sai/AppData/Local/Temp/anonymous1893338368169808336webdriver-profile/extensions/fxdriver@googlecode.com/components/driver-component.js:10676)
                        	at &lt;anonymous class&gt;.DelayedCommand.prototype.executeInternal_/h(file:///C:/Users/sai/AppData/Local/Temp/anonymous1893338368169808336webdriver-profile/extensions/fxdriver@googlecode.com/components/command-processor.js:12643)
                        	at &lt;anonymous class&gt;.DelayedCommand.prototype.executeInternal_(file:///C:/Users/sai/AppData/Local/Temp/anonymous1893338368169808336webdriver-profile/extensions/fxdriver@googlecode.com/components/command-processor.js:12648)
                        	at &lt;anonymous class&gt;.DelayedCommand.prototype.execute/&lt;(file:///C:/Users/sai/AppData/Local/Temp/anonymous1893338368169808336webdriver-profile/extensions/fxdriver@googlecode.com/components/command-processor.js:12590)
                     </pre>
                  </div>
               </td>
            </tr>
            <tr id="day20.Login_loginTest_byStatus_passed_PASS1_row"
                class="testMethodStatusPASS">
               <td width="100%" class="firstMethodCell">
                  <a onclick="toggleDetailsVisibility('day20.Login_loginTest_byStatus_passed_PASS1_details')">loginTest()</a>
               </td>
               <td nowrap="true">20:21:42</td>
               <td nowrap="true" align="right">28s
                  
               </td>
               <td nowrap="true">
                   
                  
               </td>
            </tr>
            <tr>
               <td colspan="4" class="detailsBox">
                  <div id="day20.Login_loginTest_byStatus_passed_PASS1_details"
                       class="testMethodDetails">
                     <div>
                        <b>Name: </b>loginTest
                     </div>
                     <div>
                        <b>Signature: </b>loginTest()[pri:0, instance:day20.Login@763c6b88]
                     </div>
                     <div>
                        <b>Start time: </b>20:21:42
                     </div>
                     <div>
                        <b>End time: </b>20:22:10
                     </div>
                     <div>
                        <b>Duration: </b>28s
                        
                     </div>
                  </div>
               </td>
            </tr>
            <tr></tr>
            <tr id="day20.Addemployee_addEmployeeTest_byStatus_passed_PASS2_row"
                class="testMethodStatusPASS">
               <td width="100%" class="firstMethodCell">
                  <a onclick="toggleDetailsVisibility('day20.Addemployee_addEmployeeTest_byStatus_passed_PASS2_details')">addEmployeeTest()</a>
               </td>
               <td nowrap="true">20:22:10</td>
               <td nowrap="true" align="right">12s
                  
               </td>
               <td nowrap="true">
                   
                  
               </td>
            </tr>
            <tr>
               <td colspan="4" class="detailsBox">
                  <div id="day20.Addemployee_addEmployeeTest_byStatus_passed_PASS2_details"
                       class="testMethodDetails">
                     <div>
                        <b>Name: </b>addEmployeeTest
                     </div>
                     <div>
                        <b>Signature: </b>addEmployeeTest()[pri:0, instance:day20.Addemployee@78b7ea5c]
                     </div>
                     <div>
                        <b>Start time: </b>20:22:10
                     </div>
                     <div>
                        <b>End time: </b>20:22:23
                     </div>
                     <div>
                        <b>Duration: </b>12s
                        
                     </div>
                  </div>
               </td>
            </tr>
            <tr></tr>
            <tr id="day20.Logout_logoutTest_byStatus_passed_PASS3_row"
                class="testMethodStatusPASS">
               <td width="100%" class="firstMethodCell">
                  <a onclick="toggleDetailsVisibility('day20.Logout_logoutTest_byStatus_passed_PASS3_details')">logoutTest()</a>
               </td>
               <td nowrap="true">20:22:23</td>
               <td nowrap="true" align="right">2s
                  
               </td>
               <td nowrap="true">
                   
                  
               </td>
            </tr>
            <tr>
               <td colspan="4" class="detailsBox">
                  <div id="day20.Logout_logoutTest_byStatus_passed_PASS3_details"
                       class="testMethodDetails">
                     <div>
                        <b>Name: </b>logoutTest
                     </div>
                     <div>
                        <b>Signature: </b>logoutTest()[pri:0, instance:day20.Logout@1619c695]
                     </div>
                     <div>
                        <b>Start time: </b>20:22:23
                     </div>
                     <div>
                        <b>End time: </b>20:22:25
                     </div>
                     <div>
                        <b>Duration: </b>2s
                        
                     </div>
                  </div>
               </td>
            </tr>
            <tr></tr>
         </table>
      </div>
      <div id="testMethodsByClass" style="display: none;">
         <table class="testMethodsTable" cellpadding="0" cellspacing="0">
            <tr>
               <td colspan="4">
                  <h3 style="display: inline;">day20.Addemployee</h3>
               </td>
            </tr>
            <tr class="methodsTableHeader">
               <td width="100%">Name</td>
               <td nowrap="true">Started</td>
               <td nowrap="true">Duration</td>
               <td>Exception</td>
            </tr>
            <tr id="day20.Addemployee_addEmployeeTest_byClass_PASS1_row"
                class="testMethodStatusPASS">
               <td width="100%" class="firstMethodCell">
                  <a onclick="toggleDetailsVisibility('day20.Addemployee_addEmployeeTest_byClass_PASS1_details')">addEmployeeTest()</a>
               </td>
               <td nowrap="true">20:22:10</td>
               <td nowrap="true" align="right">12s
                  
               </td>
               <td nowrap="true">
                   
                  
               </td>
            </tr>
            <tr>
               <td colspan="4" class="detailsBox">
                  <div id="day20.Addemployee_addEmployeeTest_byClass_PASS1_details"
                       class="testMethodDetails">
                     <div>
                        <b>Name: </b>addEmployeeTest
                     </div>
                     <div>
                        <b>Signature: </b>addEmployeeTest()[pri:0, instance:day20.Addemployee@78b7ea5c]
                     </div>
                     <div>
                        <b>Start time: </b>20:22:10
                     </div>
                     <div>
                        <b>End time: </b>20:22:23
                     </div>
                     <div>
                        <b>Duration: </b>12s
                        
                     </div>
                  </div>
               </td>
            </tr>
            <tr></tr>
         </table>
         <br></br>
         <table class="testMethodsTable" cellpadding="0" cellspacing="0">
            <tr>
               <td colspan="4">
                  <h3 style="display: inline;">day20.Failure</h3>
               </td>
            </tr>
            <tr class="methodsTableHeader">
               <td width="100%">Name</td>
               <td nowrap="true">Started</td>
               <td nowrap="true">Duration</td>
               <td>Exception</td>
            </tr>
            <tr id="day20.Failure_failureTest_byClass_FAIL1_row" class="testMethodStatusFAIL">
               <td width="100%" class="firstMethodCell">
                  <a onclick="toggleDetailsVisibility('day20.Failure_failureTest_byClass_FAIL1_details')">failureTest()</a>
               </td>
               <td nowrap="true">20:22:23</td>
               <td nowrap="true" align="right">64 ms
                  
               </td>
               <td nowrap="true">
                  <a onclick="toggleDetailsVisibility('day20.Failure_failureTest_byClass_FAIL1_exception')">org.openqa.selenium.NoSuchElementException: 
                     Unable to locate element: {"method":"id","selector":"abc"}
                     Command duration or timeout: 46 milliseconds
                     For documentation on this error, please visit: http://seleniumhq.org/exceptions/no_such_element.html
                     Build info: version: '2.47.1', revision: '411b314', time: '2015-07-30 03:03:16'
                     System info: host: 'sys', ip: '192.168.3.19', os.name: 'Windows 7', os.arch: 'amd64', os.version: '6.1', java.version: '1.7.0_55'
                     *** Element info: {Using=id, value=abc}
                     Session ID: 179d415d-2512-473b-acbd-374ae83b6515
                     Driver info: org.openqa.selenium.firefox.FirefoxDriver
                     Capabilities [{platform=WINDOWS, acceptSslCerts=true, javascriptEnabled=true, cssSelectorsEnabled=true, databaseEnabled=true,
                     browserName=firefox, handlesAlerts=true, nativeEvents=false, webStorageEnabled=true, rotatable=false, locationContextEnabled=true,
                     applicationCacheEnabled=true, takesScreenshot=true, version=41.0.2}]
                     
                  </a>
                   
                  
               </td>
            </tr>
            <tr>
               <td colspan="4" class="detailsBox">
                  <div id="day20.Failure_failureTest_byClass_FAIL1_details" class="testMethodDetails">
                     <div>
                        <b>Name: </b>failureTest
                     </div>
                     <div>
                        <b>Signature: </b>failureTest()[pri:0, instance:day20.Failure@37ef118a]
                     </div>
                     <div>
                        <b>Start time: </b>20:22:23
                     </div>
                     <div>
                        <b>End time: </b>20:22:23
                     </div>
                     <div>
                        <b>Duration: </b>64 ms
                        
                     </div>
                  </div>
               </td>
            </tr>
            <tr>
               <td colspan="4" class="detailsBox">
                  <div id="day20.Failure_failureTest_byClass_FAIL1_exception"
                       class="testMethodDetails">
                     <pre style="padding: 5px; margin: 0;">org.openqa.selenium.NoSuchElementException: Unable to locate element: {"method":"id","selector":"abc"}
                        Command duration or timeout: 46 milliseconds
                        For documentation on this error, please visit: http://seleniumhq.org/exceptions/no_such_element.html
                        Build info: version: '2.47.1', revision: '411b314', time: '2015-07-30 03:03:16'
                        System info: host: 'sys', ip: '192.168.3.19', os.name: 'Windows 7', os.arch: 'amd64', os.version: '6.1', java.version: '1.7.0_55'
                        *** Element info: {Using=id, value=abc}
                        Session ID: 179d415d-2512-473b-acbd-374ae83b6515
                        Driver info: org.openqa.selenium.firefox.FirefoxDriver
                        Capabilities [{platform=WINDOWS, acceptSslCerts=true, javascriptEnabled=true, cssSelectorsEnabled=true, databaseEnabled=true,
                        browserName=firefox, handlesAlerts=true, nativeEvents=false, webStorageEnabled=true, rotatable=false, locationContextEnabled=true,
                        applicationCacheEnabled=true, takesScreenshot=true, version=41.0.2}]
                        	at sun.reflect.NativeConstructorAccessorImpl.newInstance0(Native Method)
                        	at sun.reflect.NativeConstructorAccessorImpl.newInstance(Unknown Source)
                        	at sun.reflect.DelegatingConstructorAccessorImpl.newInstance(Unknown Source)
                        	at java.lang.reflect.Constructor.newInstance(Unknown Source)
                        	at org.openqa.selenium.remote.ErrorHandler.createThrowable(ErrorHandler.java:206)
                        	at org.openqa.selenium.remote.ErrorHandler.throwIfResponseFailed(ErrorHandler.java:158)
                        	at org.openqa.selenium.remote.RemoteWebDriver.execute(RemoteWebDriver.java:595)
                        	at org.openqa.selenium.remote.RemoteWebDriver.findElement(RemoteWebDriver.java:348)
                        	at org.openqa.selenium.remote.RemoteWebDriver.findElementById(RemoteWebDriver.java:389)
                        	at org.openqa.selenium.By$ById.findElement(By.java:215)
                        	at org.openqa.selenium.remote.RemoteWebDriver.findElement(RemoteWebDriver.java:340)
                        	at day20.Failure.failureTest(Failure.java:10)
                        	at sun.reflect.NativeMethodAccessorImpl.invoke0(Native Method)
                        	at sun.reflect.NativeMethodAccessorImpl.invoke(Unknown Source)
                        	at sun.reflect.DelegatingMethodAccessorImpl.invoke(Unknown Source)
                        	at java.lang.reflect.Method.invoke(Unknown Source)
                        	at org.testng.internal.MethodInvocationHelper.invokeMethod(MethodInvocationHelper.java:84)
                        	at org.testng.internal.Invoker.invokeMethod(Invoker.java:714)
                        	at org.testng.internal.Invoker.invokeTestMethod(Invoker.java:901)
                        	at org.testng.internal.Invoker.invokeTestMethods(Invoker.java:1231)
                        	at org.testng.internal.TestMethodWorker.invokeTestMethods(TestMethodWorker.java:127)
                        	at org.testng.internal.TestMethodWorker.run(TestMethodWorker.java:111)
                        	at org.testng.TestRunner.privateRun(TestRunner.java:767)
                        	at org.testng.TestRunner.run(TestRunner.java:617)
                        	at org.testng.SuiteRunner.runTest(SuiteRunner.java:334)
                        	at org.testng.SuiteRunner.runSequentially(SuiteRunner.java:329)
                        	at org.testng.SuiteRunner.privateRun(SuiteRunner.java:291)
                        	at org.testng.SuiteRunner.run(SuiteRunner.java:240)
                        	at org.testng.SuiteRunnerWorker.runSuite(SuiteRunnerWorker.java:52)
                        	at org.testng.SuiteRunnerWorker.run(SuiteRunnerWorker.java:86)
                        	at org.testng.TestNG.runSuitesSequentially(TestNG.java:1224)
                        	at org.testng.TestNG.runSuitesLocally(TestNG.java:1149)
                        	at org.testng.TestNG.run(TestNG.java:1057)
                        	at org.testng.remote.RemoteTestNG.run(RemoteTestNG.java:111)
                        	at org.testng.remote.RemoteTestNG.initAndRun(RemoteTestNG.java:204)
                        	at org.testng.remote.RemoteTestNG.main(RemoteTestNG.java:175)
                        Caused by: org.openqa.selenium.NoSuchElementException: Unable to locate element: {"method":"id","selector":"abc"}
                        For documentation on this error, please visit: http://seleniumhq.org/exceptions/no_such_element.html
                        Build info: version: '2.47.1', revision: '411b314', time: '2015-07-30 03:03:16'
                        System info: host: 'sys', ip: '192.168.3.19', os.name: 'Windows 7', os.arch: 'amd64', os.version: '6.1', java.version: '1.7.0_55'
                        Driver info: driver.version: unknown
                        	at &lt;anonymous class&gt;.FirefoxDriver.prototype.findElementInternal_(file:///C:/Users/sai/AppData/Local/Temp/anonymous1893338368169808336webdriver-profile/extensions/fxdriver@googlecode.com/components/driver-component.js:10667)
                        	at &lt;anonymous class&gt;.FirefoxDriver.prototype.findElement(file:///C:/Users/sai/AppData/Local/Temp/anonymous1893338368169808336webdriver-profile/extensions/fxdriver@googlecode.com/components/driver-component.js:10676)
                        	at &lt;anonymous class&gt;.DelayedCommand.prototype.executeInternal_/h(file:///C:/Users/sai/AppData/Local/Temp/anonymous1893338368169808336webdriver-profile/extensions/fxdriver@googlecode.com/components/command-processor.js:12643)
                        	at &lt;anonymous class&gt;.DelayedCommand.prototype.executeInternal_(file:///C:/Users/sai/AppData/Local/Temp/anonymous1893338368169808336webdriver-profile/extensions/fxdriver@googlecode.com/components/command-processor.js:12648)
                        	at &lt;anonymous class&gt;.DelayedCommand.prototype.execute/&lt;(file:///C:/Users/sai/AppData/Local/Temp/anonymous1893338368169808336webdriver-profile/extensions/fxdriver@googlecode.com/components/command-processor.js:12590)
                     </pre>
                  </div>
               </td>
            </tr>
         </table>
         <br></br>
         <table class="testMethodsTable" cellpadding="0" cellspacing="0">
            <tr>
               <td colspan="4">
                  <h3 style="display: inline;">day20.Login</h3>
               </td>
            </tr>
            <tr class="methodsTableHeader">
               <td width="100%">Name</td>
               <td nowrap="true">Started</td>
               <td nowrap="true">Duration</td>
               <td>Exception</td>
            </tr>
            <tr id="day20.Login_loginTest_byClass_PASS1_row" class="testMethodStatusPASS">
               <td width="100%" class="firstMethodCell">
                  <a onclick="toggleDetailsVisibility('day20.Login_loginTest_byClass_PASS1_details')">loginTest()</a>
               </td>
               <td nowrap="true">20:21:42</td>
               <td nowrap="true" align="right">28s
                  
               </td>
               <td nowrap="true">
                   
                  
               </td>
            </tr>
            <tr>
               <td colspan="4" class="detailsBox">
                  <div id="day20.Login_loginTest_byClass_PASS1_details" class="testMethodDetails">
                     <div>
                        <b>Name: </b>loginTest
                     </div>
                     <div>
                        <b>Signature: </b>loginTest()[pri:0, instance:day20.Login@763c6b88]
                     </div>
                     <div>
                        <b>Start time: </b>20:21:42
                     </div>
                     <div>
                        <b>End time: </b>20:22:10
                     </div>
                     <div>
                        <b>Duration: </b>28s
                        
                     </div>
                  </div>
               </td>
            </tr>
            <tr></tr>
         </table>
         <br></br>
         <table class="testMethodsTable" cellpadding="0" cellspacing="0">
            <tr>
               <td colspan="4">
                  <h3 style="display: inline;">day20.Logout</h3>
               </td>
            </tr>
            <tr class="methodsTableHeader">
               <td width="100%">Name</td>
               <td nowrap="true">Started</td>
               <td nowrap="true">Duration</td>
               <td>Exception</td>
            </tr>
            <tr id="day20.Logout_logoutTest_byClass_PASS1_row" class="testMethodStatusPASS">
               <td width="100%" class="firstMethodCell">
                  <a onclick="toggleDetailsVisibility('day20.Logout_logoutTest_byClass_PASS1_details')">logoutTest()</a>
               </td>
               <td nowrap="true">20:22:23</td>
               <td nowrap="true" align="right">2s
                  
               </td>
               <td nowrap="true">
                   
                  
               </td>
            </tr>
            <tr>
               <td colspan="4" class="detailsBox">
                  <div id="day20.Logout_logoutTest_byClass_PASS1_details" class="testMethodDetails">
                     <div>
                        <b>Name: </b>logoutTest
                     </div>
                     <div>
                        <b>Signature: </b>logoutTest()[pri:0, instance:day20.Logout@1619c695]
                     </div>
                     <div>
                        <b>Start time: </b>20:22:23
                     </div>
                     <div>
                        <b>End time: </b>20:22:25
                     </div>
                     <div>
                        <b>Duration: </b>2s
                        
                     </div>
                  </div>
               </td>
            </tr>
            <tr></tr>
         </table>
         <br></br>
      </div>
      <div style="margin-top: 15px; color: gray; text-align: center; font-size: 9px;">
         Generated with
         
         <a href="http://code.google.com/p/testng-xslt/" style="color: #8888aa;"
            target="_blank">
            TestNG XSLT
            
         </a>
      </div>
   </body>
</html>